2021-12-19 15:04:19.976 | INFO     | src.logger:insert_log_to_db:36 - Connected to mysql in localhost
2021-12-19 15:04:35.562 | INFO     | src.logger:insert_log_to_db:36 - Connected to mysql in localhost
2021-12-19 15:04:35.567 | INFO     | src.logger:insert_log_to_db:44 - MySQL connection is closed
2021-12-19 15:05:37.437 | INFO     | src.logger:insert_log_to_db:36 - Connected to mysql in localhost
2021-12-19 15:05:37.439 | INFO     | src.logger:insert_log_to_db:38 - MySQL server version is: 8.0.27-0ubuntu0.20.04.1
2021-12-19 15:05:37.443 | INFO     | src.logger:insert_log_to_db:46 - MySQL connection is closed
2021-12-19 15:06:43.844 | INFO     | src.logger:insert_log_to_db:36 - Connected to mysql in localhost
2021-12-19 15:06:43.846 | INFO     | src.logger:insert_log_to_db:38 - MySQL server version is: 8.0.27-0ubuntu0.20.04.1
2021-12-19 15:06:43.852 | INFO     | src.logger:insert_log_to_db:42 - connected to db: ('mysql',)
2021-12-19 15:06:43.853 | INFO     | src.logger:insert_log_to_db:50 - MySQL connection is closed
2021-12-19 15:25:57.136 | INFO     | src.logger:insert_log_to_db:38 - Connected to mysql in localhost
2021-12-19 15:25:57.137 | INFO     | src.logger:insert_log_to_db:40 - MySQL server version is: 8.0.27-0ubuntu0.20.04.1
2021-12-19 15:25:57.138 | INFO     | src.logger:insert_log_to_db:45 - connected to db: ('mysql',)
2021-12-19 15:25:57.143 | ERROR    | src.logger:insert_log_to_db:55 - Error while establishing connection or inserting data: 1064 (42000): You have an error in your SQL syntax; check the manual that corresponds to your MySQL server version for the right syntax to use near '15:25:57, Dummy message from python)' at line 1
2021-12-19 15:25:57.144 | INFO     | src.logger:insert_log_to_db:60 - MySQL connection is closed
2021-12-19 15:28:00.288 | INFO     | src.logger:insert_log_to_db:38 - Connected to mysql in localhost
2021-12-19 15:28:00.289 | INFO     | src.logger:insert_log_to_db:40 - MySQL server version is: 8.0.27-0ubuntu0.20.04.1
2021-12-19 15:28:00.290 | INFO     | src.logger:insert_log_to_db:45 - connected to db: ('mysql',)
2021-12-19 15:28:00.297 | INFO     | src.logger:insert_log_to_db:52 - 1 Record inserted successfully into log table
2021-12-19 15:28:00.297 | INFO     | src.logger:insert_log_to_db:60 - MySQL connection is closed
2021-12-19 15:31:34.920 | INFO     | src.commands:recursive_search_for_sources:15 - Performed recursive_search_for_sources: ['requirements.txt', 'settings.json', 'index.rst.txt', 'dependency_links.txt', 'entry_points.txt', 'requires.txt', 'SOURCES.txt', 'top_level.txt', 'Sysmon_Exec_CompiledHTML.evtx', 'dummy_file.json', 'NASHUA.pcap', 'SCRANTON.pcap', 'dummy_file.txt', 'dummy_file.xml', 'file1.txt', 'file2.json', 'file3.pcap', 'file4.pcap', 'status.json', 'entry_points.txt', 'LICENSE.txt', 'metadata.json', 'top_level.txt', 'top_level.txt', 'entry_points.txt', 'top_level.txt', 'entry_points.txt', 'top_level.txt', 'primer.json', 'Grammar.txt', 'PatternGrammar.txt', 'top_level.txt', 'entry_points.txt', 'top_level.txt', 'top_level.txt', 'entry_points.txt', 'LICENSE.txt', 'top_level.txt', 'isoamsa.txt', 'isoamsb.txt', 'isoamsc.txt', 'isoamsn.txt', 'isoamso.txt', 'isoamsr.txt', 'isobox.txt', 'isocyr1.txt', 'isocyr2.txt', 'isodia.txt', 'isogrk1.txt', 'isogrk2.txt', 'isogrk3.txt', 'isogrk4-wide.txt', 'isogrk4.txt', 'isolat1.txt', 'isolat2.txt', 'isomfrk-wide.txt', 'isomfrk.txt', 'isomopf-wide.txt', 'isomopf.txt', 'isomscr-wide.txt', 'isomscr.txt', 'isonum.txt', 'isopub.txt', 'isotech.txt', 'mmlalias.txt', 'mmlextra-wide.txt', 'mmlextra.txt', 'README.txt', 's5defs.txt', 'xhtml1-lat1.txt', 'xhtml1-special.txt', 'xhtml1-symbol.txt', 'template.txt', 'template.txt', 'template.txt', 'README.txt', 'COPYING.txt', 'top_level.txt', 'top_level.txt', 'top_level.txt', 'top_level.txt', 'entry_points.txt', 'top_level.txt', 'top_level.txt', 'top_level.txt', 'top_level.txt', 'LICENSE.txt', 'top_level.txt', 'top_level.txt', 'top_level.txt', 'entry_points.txt', 'LICENSE.txt', 'top_level.txt', 'AUTHORS.txt', 'LICENSE.txt', 'LICENSE.txt', 'top_level.txt', 'top_level.txt', 'namespace_packages.txt', 'top_level.txt', 'top_level.txt', 'top_level.txt', 'top_level.txt', 'entry_points.txt', 'top_level.txt', 'top_level.txt', 'entry_points.txt', 'top_level.txt', 'LICENSE.txt', 'top_level.txt', 'LICENSE.txt', 'top_level.txt', 'top_level.txt', 'launcher manifest.xml', 'AUTHORS.txt', 'dependency_links.txt', 'entry_points.txt', 'LICENSE.txt', 'top_level.txt', 'top_level.txt', 'container.xml', 'opensearch.xml', 'entry_points.txt', 'top_level.txt', 'namespace_packages.txt', 'top_level.txt', 'namespace_packages.txt', 'top_level.txt', 'namespace_packages.txt', 'top_level.txt', 'namespace_packages.txt', 'top_level.txt', 'namespace_packages.txt', 'top_level.txt', 'namespace_packages.txt', 'top_level.txt', 'entry_points.txt', 'top_level.txt', 'top_level.txt', 'top_level.txt', 'LICENSE.txt', 'top_level.txt']
2021-12-19 15:31:34.941 | INFO     | src.logger:insert_log_to_db:38 - Connected to mysql in localhost
2021-12-19 15:31:34.942 | INFO     | src.logger:insert_log_to_db:40 - MySQL server version is: 8.0.27-0ubuntu0.20.04.1
2021-12-19 15:31:34.946 | INFO     | src.logger:insert_log_to_db:45 - connected to db: ('mysql',)
2021-12-19 15:31:34.947 | ERROR    | src.logger:insert_log_to_db:55 - Error while establishing connection or inserting data: 1064 (42000): You have an error in your SQL syntax; check the manual that corresponds to your MySQL server version for the right syntax to use near 'requirements.txt', 'settings.json', 'index.rst.txt', 'dependency_links.txt', 'en' at line 1
2021-12-19 15:31:34.949 | INFO     | src.logger:insert_log_to_db:60 - MySQL connection is closed
2021-12-19 15:32:31.644 | INFO     | src.commands:recursive_search_for_sources:16 - Performed recursive_search_for_sources: ['requirements.txt', 'settings.json', 'index.rst.txt', 'dependency_links.txt', 'entry_points.txt', 'requires.txt', 'SOURCES.txt', 'top_level.txt', 'Sysmon_Exec_CompiledHTML.evtx', 'dummy_file.json', 'NASHUA.pcap', 'SCRANTON.pcap', 'dummy_file.txt', 'dummy_file.xml', 'file1.txt', 'file2.json', 'file3.pcap', 'file4.pcap', 'status.json', 'entry_points.txt', 'LICENSE.txt', 'metadata.json', 'top_level.txt', 'top_level.txt', 'entry_points.txt', 'top_level.txt', 'entry_points.txt', 'top_level.txt', 'primer.json', 'Grammar.txt', 'PatternGrammar.txt', 'top_level.txt', 'entry_points.txt', 'top_level.txt', 'top_level.txt', 'entry_points.txt', 'LICENSE.txt', 'top_level.txt', 'isoamsa.txt', 'isoamsb.txt', 'isoamsc.txt', 'isoamsn.txt', 'isoamso.txt', 'isoamsr.txt', 'isobox.txt', 'isocyr1.txt', 'isocyr2.txt', 'isodia.txt', 'isogrk1.txt', 'isogrk2.txt', 'isogrk3.txt', 'isogrk4-wide.txt', 'isogrk4.txt', 'isolat1.txt', 'isolat2.txt', 'isomfrk-wide.txt', 'isomfrk.txt', 'isomopf-wide.txt', 'isomopf.txt', 'isomscr-wide.txt', 'isomscr.txt', 'isonum.txt', 'isopub.txt', 'isotech.txt', 'mmlalias.txt', 'mmlextra-wide.txt', 'mmlextra.txt', 'README.txt', 's5defs.txt', 'xhtml1-lat1.txt', 'xhtml1-special.txt', 'xhtml1-symbol.txt', 'template.txt', 'template.txt', 'template.txt', 'README.txt', 'COPYING.txt', 'top_level.txt', 'top_level.txt', 'top_level.txt', 'top_level.txt', 'entry_points.txt', 'top_level.txt', 'top_level.txt', 'top_level.txt', 'top_level.txt', 'LICENSE.txt', 'top_level.txt', 'top_level.txt', 'top_level.txt', 'entry_points.txt', 'LICENSE.txt', 'top_level.txt', 'AUTHORS.txt', 'LICENSE.txt', 'LICENSE.txt', 'top_level.txt', 'top_level.txt', 'namespace_packages.txt', 'top_level.txt', 'top_level.txt', 'top_level.txt', 'top_level.txt', 'entry_points.txt', 'top_level.txt', 'top_level.txt', 'entry_points.txt', 'top_level.txt', 'LICENSE.txt', 'top_level.txt', 'LICENSE.txt', 'top_level.txt', 'top_level.txt', 'launcher manifest.xml', 'AUTHORS.txt', 'dependency_links.txt', 'entry_points.txt', 'LICENSE.txt', 'top_level.txt', 'top_level.txt', 'container.xml', 'opensearch.xml', 'entry_points.txt', 'top_level.txt', 'namespace_packages.txt', 'top_level.txt', 'namespace_packages.txt', 'top_level.txt', 'namespace_packages.txt', 'top_level.txt', 'namespace_packages.txt', 'top_level.txt', 'namespace_packages.txt', 'top_level.txt', 'namespace_packages.txt', 'top_level.txt', 'entry_points.txt', 'top_level.txt', 'top_level.txt', 'top_level.txt', 'LICENSE.txt', 'top_level.txt']
2021-12-19 15:32:31.650 | ERROR    | __main__:<module>:15 - An error has been caught in function '<module>', process 'MainProcess' (1128), thread 'MainThread' (140646347835200):
Traceback (most recent call last):

> File "files_analyser.py", line 15, in <module>
    main()
    └ <function main at 0x7feac5d60ca0>

  File "files_analyser.py", line 9, in main
    recursive_search_for_sources()
    └ <Command recursive-search-for-sources>

  File "/home/master/KRYCY/venv/lib/python3.8/site-packages/click/core.py", line 1128, in __call__
    return self.main(*args, **kwargs)
           │    │     │       └ {}
           │    │     └ ()
           │    └ <function BaseCommand.main at 0x7feac5c995e0>
           └ <Command recursive-search-for-sources>
  File "/home/master/KRYCY/venv/lib/python3.8/site-packages/click/core.py", line 1053, in main
    rv = self.invoke(ctx)
         │    │      └ <click.core.Context object at 0x7feac5cadac0>
         │    └ <function Command.invoke at 0x7feac5c9d0d0>
         └ <Command recursive-search-for-sources>
  File "/home/master/KRYCY/venv/lib/python3.8/site-packages/click/core.py", line 1395, in invoke
    return ctx.invoke(self.callback, **ctx.params)
           │   │      │    │           │   └ {'recursive_search_for_sources': 'yes', 'path': './'}
           │   │      │    │           └ <click.core.Context object at 0x7feac5cadac0>
           │   │      │    └ <function recursive_search_for_sources at 0x7feac5cb0820>
           │   │      └ <Command recursive-search-for-sources>
           │   └ <function Context.invoke at 0x7feac5cdfe50>
           └ <click.core.Context object at 0x7feac5cadac0>
  File "/home/master/KRYCY/venv/lib/python3.8/site-packages/click/core.py", line 754, in invoke
    return __callback(*args, **kwargs)
                       │       └ {'recursive_search_for_sources': 'yes', 'path': './'}
                       └ ()

  File "/home/master/KRYCY/src/commands.py", line 17, in recursive_search_for_sources
    insert_log_to_db()
    └ <function insert_log_to_db at 0x7feac5d60b80>

TypeError: insert_log_to_db() missing 1 required positional argument: 'message'
2021-12-19 15:32:45.462 | INFO     | src.commands:recursive_search_for_sources:16 - Performed recursive_search_for_sources: ['requirements.txt', 'settings.json', 'index.rst.txt', 'dependency_links.txt', 'entry_points.txt', 'requires.txt', 'SOURCES.txt', 'top_level.txt', 'Sysmon_Exec_CompiledHTML.evtx', 'dummy_file.json', 'NASHUA.pcap', 'SCRANTON.pcap', 'dummy_file.txt', 'dummy_file.xml', 'file1.txt', 'file2.json', 'file3.pcap', 'file4.pcap', 'status.json', 'entry_points.txt', 'LICENSE.txt', 'metadata.json', 'top_level.txt', 'top_level.txt', 'entry_points.txt', 'top_level.txt', 'entry_points.txt', 'top_level.txt', 'primer.json', 'Grammar.txt', 'PatternGrammar.txt', 'top_level.txt', 'entry_points.txt', 'top_level.txt', 'top_level.txt', 'entry_points.txt', 'LICENSE.txt', 'top_level.txt', 'isoamsa.txt', 'isoamsb.txt', 'isoamsc.txt', 'isoamsn.txt', 'isoamso.txt', 'isoamsr.txt', 'isobox.txt', 'isocyr1.txt', 'isocyr2.txt', 'isodia.txt', 'isogrk1.txt', 'isogrk2.txt', 'isogrk3.txt', 'isogrk4-wide.txt', 'isogrk4.txt', 'isolat1.txt', 'isolat2.txt', 'isomfrk-wide.txt', 'isomfrk.txt', 'isomopf-wide.txt', 'isomopf.txt', 'isomscr-wide.txt', 'isomscr.txt', 'isonum.txt', 'isopub.txt', 'isotech.txt', 'mmlalias.txt', 'mmlextra-wide.txt', 'mmlextra.txt', 'README.txt', 's5defs.txt', 'xhtml1-lat1.txt', 'xhtml1-special.txt', 'xhtml1-symbol.txt', 'template.txt', 'template.txt', 'template.txt', 'README.txt', 'COPYING.txt', 'top_level.txt', 'top_level.txt', 'top_level.txt', 'top_level.txt', 'entry_points.txt', 'top_level.txt', 'top_level.txt', 'top_level.txt', 'top_level.txt', 'LICENSE.txt', 'top_level.txt', 'top_level.txt', 'top_level.txt', 'entry_points.txt', 'LICENSE.txt', 'top_level.txt', 'AUTHORS.txt', 'LICENSE.txt', 'LICENSE.txt', 'top_level.txt', 'top_level.txt', 'namespace_packages.txt', 'top_level.txt', 'top_level.txt', 'top_level.txt', 'top_level.txt', 'entry_points.txt', 'top_level.txt', 'top_level.txt', 'entry_points.txt', 'top_level.txt', 'LICENSE.txt', 'top_level.txt', 'LICENSE.txt', 'top_level.txt', 'top_level.txt', 'launcher manifest.xml', 'AUTHORS.txt', 'dependency_links.txt', 'entry_points.txt', 'LICENSE.txt', 'top_level.txt', 'top_level.txt', 'container.xml', 'opensearch.xml', 'entry_points.txt', 'top_level.txt', 'namespace_packages.txt', 'top_level.txt', 'namespace_packages.txt', 'top_level.txt', 'namespace_packages.txt', 'top_level.txt', 'namespace_packages.txt', 'top_level.txt', 'namespace_packages.txt', 'top_level.txt', 'namespace_packages.txt', 'top_level.txt', 'entry_points.txt', 'top_level.txt', 'top_level.txt', 'top_level.txt', 'LICENSE.txt', 'top_level.txt']
2021-12-19 15:32:45.483 | INFO     | src.logger:insert_log_to_db:38 - Connected to mysql in localhost
2021-12-19 15:32:45.484 | INFO     | src.logger:insert_log_to_db:40 - MySQL server version is: 8.0.27-0ubuntu0.20.04.1
2021-12-19 15:32:45.489 | INFO     | src.logger:insert_log_to_db:45 - connected to db: ('mysql',)
2021-12-19 15:32:45.503 | INFO     | src.logger:insert_log_to_db:52 - 1 Record inserted successfully into log table
2021-12-19 15:32:45.506 | INFO     | src.logger:insert_log_to_db:60 - MySQL connection is closed
2021-12-19 17:49:44.279 | INFO     | src.commands:recursive_search_for_sources:20 - Performed recursive_search_for_sources: ['requirements.txt', 'settings.json', 'index.rst.txt', 'dependency_links.txt', 'entry_points.txt', 'requires.txt', 'SOURCES.txt', 'top_level.txt', 'Sysmon_Exec_CompiledHTML.evtx', 'dummy_file.json', 'NASHUA.pcap', 'SCRANTON.pcap', 'dummy_file.txt', 'dummy_file.xml', 'file1.txt', 'file2.json', 'file3.pcap', 'file4.pcap', 'status.json', 'entry_points.txt', 'LICENSE.txt', 'metadata.json', 'top_level.txt', 'top_level.txt', 'entry_points.txt', 'top_level.txt', 'entry_points.txt', 'top_level.txt', 'primer.json', 'Grammar.txt', 'PatternGrammar.txt', 'top_level.txt', 'entry_points.txt', 'top_level.txt', 'top_level.txt', 'entry_points.txt', 'LICENSE.txt', 'top_level.txt', 'ThirdPartyNotices.txt', 'README.txt', '__not_in_default_pythonpath.txt', 'debugProtocol.json', 'debugProtocolCustom.json', 'README.txt', 'direct_url.json', 'top_level.txt', 'top_level.txt', 'LICENSE.txt', 'pbr.json', 'top_level.txt', 'isoamsa.txt', 'isoamsb.txt', 'isoamsc.txt', 'isoamsn.txt', 'isoamso.txt', 'isoamsr.txt', 'isobox.txt', 'isocyr1.txt', 'isocyr2.txt', 'isodia.txt', 'isogrk1.txt', 'isogrk2.txt', 'isogrk3.txt', 'isogrk4-wide.txt', 'isogrk4.txt', 'isolat1.txt', 'isolat2.txt', 'isomfrk-wide.txt', 'isomfrk.txt', 'isomopf-wide.txt', 'isomopf.txt', 'isomscr-wide.txt', 'isomscr.txt', 'isonum.txt', 'isopub.txt', 'isotech.txt', 'mmlalias.txt', 'mmlextra-wide.txt', 'mmlextra.txt', 'README.txt', 's5defs.txt', 'xhtml1-lat1.txt', 'xhtml1-special.txt', 'xhtml1-symbol.txt', 'template.txt', 'template.txt', 'template.txt', 'README.txt', 'COPYING.txt', 'top_level.txt', 'top_level.txt', 'top_level.txt', 'top_level.txt', 'README.txt', 'test_combo.txt', 'test_example.txt', 'test_exampleip.txt', 'entry_points.txt', 'top_level.txt', 'LICENSE.txt', 'AUTHORS.txt', 'LICENSE.txt', 'top_level.txt', 'entry_points.txt', 'top_level.txt', 'entry_points.txt', 'top_level.txt', 'entry_points.txt', 'top_level.txt', 'top_level.txt', 'readme.txt', 'LICENSE.txt', 'LICENSES.txt', 'top_level.txt', 'top_level.txt', 'top_level.txt', 'top_level.txt', 'LICENSE.txt', 'top_level.txt', 'top_level.txt', 'top_level.txt', 'grammar310.txt', 'grammar311.txt', 'grammar312.txt', 'grammar36.txt', 'grammar37.txt', 'grammar38.txt', 'grammar39.txt', 'AUTHORS.txt', 'LICENSE.txt', 'top_level.txt', 'top_level.txt', 'top_level.txt', 'metadata.json', 'top_level.txt', 'entry_points.txt', 'LICENSE.txt', 'top_level.txt', 'AUTHORS.txt', 'LICENSE.txt', 'LICENSE.txt', 'top_level.txt', 'top_level.txt', 'top_level.txt', 'namespace_packages.txt', 'top_level.txt', 'top_level.txt', 'top_level.txt', 'top_level.txt', 'entry_points.txt', 'top_level.txt', 'top_level.txt', 'top_level.txt', 'entry_points.txt', 'top_level.txt', 'top_level.txt', 'LICENSE.txt', 'top_level.txt', 'top_level.txt', 'LICENSE.txt', 'top_level.txt', 'top_level.txt', 'launcher manifest.xml', 'AUTHORS.txt', 'dependency_links.txt', 'entry_points.txt', 'LICENSE.txt', 'top_level.txt', 'top_level.txt', 'top_level.txt', 'container.xml', 'opensearch.xml', 'entry_points.txt', 'top_level.txt', 'namespace_packages.txt', 'top_level.txt', 'namespace_packages.txt', 'top_level.txt', 'namespace_packages.txt', 'top_level.txt', 'namespace_packages.txt', 'top_level.txt', 'namespace_packages.txt', 'top_level.txt', 'namespace_packages.txt', 'top_level.txt', 'entry_points.txt', 'top_level.txt', 'top_level.txt', 'static_foo.txt', 'robots.txt', 'sample.xml', 'top_level.txt', 'top_level.txt', 'top_level.txt', 'LICENSE.txt', 'top_level.txt', 'version.json', 'top_level.txt', 'compiler.json', 'config.json']
2021-12-19 17:49:44.307 | INFO     | src.logger:insert_log_to_db:42 - Connected to mysql in localhost
2021-12-19 17:49:44.307 | INFO     | src.logger:insert_log_to_db:44 - MySQL server version is: 8.0.27-0ubuntu0.20.04.1
2021-12-19 17:49:44.308 | INFO     | src.logger:insert_log_to_db:48 - connected to db: ('mysql',)
2021-12-19 17:49:44.322 | INFO     | src.logger:insert_log_to_db:55 - 1 Record inserted successfully into log table
2021-12-19 17:49:44.323 | INFO     | src.logger:insert_log_to_db:67 - MySQL connection is closed
2021-12-19 17:53:44.850 | INFO     | src.commands:recursive_search_for_sources:20 - Performed recursive_search_for_sources: ['requirements.txt', 'settings.json', 'index.rst.txt', 'dependency_links.txt', 'entry_points.txt', 'requires.txt', 'SOURCES.txt', 'top_level.txt', 'Sysmon_Exec_CompiledHTML.evtx', 'dummy_file.json', 'NASHUA.pcap', 'SCRANTON.pcap', 'dummy_file.txt', 'dummy_file.xml', 'file1.txt', 'file2.json', 'file3.pcap', 'file4.pcap', 'status.json', 'entry_points.txt', 'LICENSE.txt', 'metadata.json', 'top_level.txt', 'top_level.txt', 'entry_points.txt', 'top_level.txt', 'entry_points.txt', 'top_level.txt', 'primer.json', 'Grammar.txt', 'PatternGrammar.txt', 'top_level.txt', 'entry_points.txt', 'top_level.txt', 'top_level.txt', 'entry_points.txt', 'LICENSE.txt', 'top_level.txt', 'ThirdPartyNotices.txt', 'README.txt', '__not_in_default_pythonpath.txt', 'debugProtocol.json', 'debugProtocolCustom.json', 'README.txt', 'direct_url.json', 'top_level.txt', 'top_level.txt', 'LICENSE.txt', 'pbr.json', 'top_level.txt', 'isoamsa.txt', 'isoamsb.txt', 'isoamsc.txt', 'isoamsn.txt', 'isoamso.txt', 'isoamsr.txt', 'isobox.txt', 'isocyr1.txt', 'isocyr2.txt', 'isodia.txt', 'isogrk1.txt', 'isogrk2.txt', 'isogrk3.txt', 'isogrk4-wide.txt', 'isogrk4.txt', 'isolat1.txt', 'isolat2.txt', 'isomfrk-wide.txt', 'isomfrk.txt', 'isomopf-wide.txt', 'isomopf.txt', 'isomscr-wide.txt', 'isomscr.txt', 'isonum.txt', 'isopub.txt', 'isotech.txt', 'mmlalias.txt', 'mmlextra-wide.txt', 'mmlextra.txt', 'README.txt', 's5defs.txt', 'xhtml1-lat1.txt', 'xhtml1-special.txt', 'xhtml1-symbol.txt', 'template.txt', 'template.txt', 'template.txt', 'README.txt', 'COPYING.txt', 'top_level.txt', 'top_level.txt', 'top_level.txt', 'top_level.txt', 'README.txt', 'test_combo.txt', 'test_example.txt', 'test_exampleip.txt', 'entry_points.txt', 'top_level.txt', 'LICENSE.txt', 'AUTHORS.txt', 'LICENSE.txt', 'top_level.txt', 'entry_points.txt', 'top_level.txt', 'entry_points.txt', 'top_level.txt', 'entry_points.txt', 'top_level.txt', 'top_level.txt', 'readme.txt', 'LICENSE.txt', 'LICENSES.txt', 'top_level.txt', 'top_level.txt', 'top_level.txt', 'top_level.txt', 'LICENSE.txt', 'top_level.txt', 'top_level.txt', 'top_level.txt', 'grammar310.txt', 'grammar311.txt', 'grammar312.txt', 'grammar36.txt', 'grammar37.txt', 'grammar38.txt', 'grammar39.txt', 'AUTHORS.txt', 'LICENSE.txt', 'top_level.txt', 'top_level.txt', 'top_level.txt', 'metadata.json', 'top_level.txt', 'entry_points.txt', 'LICENSE.txt', 'top_level.txt', 'AUTHORS.txt', 'LICENSE.txt', 'LICENSE.txt', 'top_level.txt', 'top_level.txt', 'top_level.txt', 'namespace_packages.txt', 'top_level.txt', 'top_level.txt', 'top_level.txt', 'top_level.txt', 'entry_points.txt', 'top_level.txt', 'top_level.txt', 'top_level.txt', 'entry_points.txt', 'top_level.txt', 'top_level.txt', 'LICENSE.txt', 'top_level.txt', 'top_level.txt', 'LICENSE.txt', 'top_level.txt', 'top_level.txt', 'launcher manifest.xml', 'AUTHORS.txt', 'dependency_links.txt', 'entry_points.txt', 'LICENSE.txt', 'top_level.txt', 'top_level.txt', 'top_level.txt', 'container.xml', 'opensearch.xml', 'entry_points.txt', 'top_level.txt', 'namespace_packages.txt', 'top_level.txt', 'namespace_packages.txt', 'top_level.txt', 'namespace_packages.txt', 'top_level.txt', 'namespace_packages.txt', 'top_level.txt', 'namespace_packages.txt', 'top_level.txt', 'namespace_packages.txt', 'top_level.txt', 'entry_points.txt', 'top_level.txt', 'top_level.txt', 'static_foo.txt', 'robots.txt', 'sample.xml', 'top_level.txt', 'top_level.txt', 'top_level.txt', 'LICENSE.txt', 'top_level.txt', 'version.json', 'top_level.txt', 'compiler.json', 'config.json']
2021-12-19 17:53:44.878 | DEBUG    | src.logger:insert_log_to_db:42 - Connected to mysql in localhost
2021-12-19 17:53:44.882 | DEBUG    | src.logger:insert_log_to_db:44 - MySQL server version is: 8.0.27-0ubuntu0.20.04.1
2021-12-19 17:53:44.885 | DEBUG    | src.logger:insert_log_to_db:48 - connected to db: ('mysql',)
2021-12-19 17:53:44.889 | DEBUG    | src.logger:insert_log_to_db:55 - 1 Record inserted successfully into log table
2021-12-19 17:53:44.892 | DEBUG    | src.logger:insert_log_to_db:67 - MySQL connection is closed
2021-12-19 17:53:56.284 | INFO     | src.commands:recursive_search_for_sources:20 - Performed recursive_search_for_sources: ['requirements.txt', 'settings.json', 'index.rst.txt', 'dependency_links.txt', 'entry_points.txt', 'requires.txt', 'SOURCES.txt', 'top_level.txt', 'Sysmon_Exec_CompiledHTML.evtx', 'dummy_file.json', 'NASHUA.pcap', 'SCRANTON.pcap', 'dummy_file.txt', 'dummy_file.xml', 'file1.txt', 'file2.json', 'file3.pcap', 'file4.pcap', 'status.json', 'entry_points.txt', 'LICENSE.txt', 'metadata.json', 'top_level.txt', 'top_level.txt', 'entry_points.txt', 'top_level.txt', 'entry_points.txt', 'top_level.txt', 'primer.json', 'Grammar.txt', 'PatternGrammar.txt', 'top_level.txt', 'entry_points.txt', 'top_level.txt', 'top_level.txt', 'entry_points.txt', 'LICENSE.txt', 'top_level.txt', 'ThirdPartyNotices.txt', 'README.txt', '__not_in_default_pythonpath.txt', 'debugProtocol.json', 'debugProtocolCustom.json', 'README.txt', 'direct_url.json', 'top_level.txt', 'top_level.txt', 'LICENSE.txt', 'pbr.json', 'top_level.txt', 'isoamsa.txt', 'isoamsb.txt', 'isoamsc.txt', 'isoamsn.txt', 'isoamso.txt', 'isoamsr.txt', 'isobox.txt', 'isocyr1.txt', 'isocyr2.txt', 'isodia.txt', 'isogrk1.txt', 'isogrk2.txt', 'isogrk3.txt', 'isogrk4-wide.txt', 'isogrk4.txt', 'isolat1.txt', 'isolat2.txt', 'isomfrk-wide.txt', 'isomfrk.txt', 'isomopf-wide.txt', 'isomopf.txt', 'isomscr-wide.txt', 'isomscr.txt', 'isonum.txt', 'isopub.txt', 'isotech.txt', 'mmlalias.txt', 'mmlextra-wide.txt', 'mmlextra.txt', 'README.txt', 's5defs.txt', 'xhtml1-lat1.txt', 'xhtml1-special.txt', 'xhtml1-symbol.txt', 'template.txt', 'template.txt', 'template.txt', 'README.txt', 'COPYING.txt', 'top_level.txt', 'top_level.txt', 'top_level.txt', 'top_level.txt', 'README.txt', 'test_combo.txt', 'test_example.txt', 'test_exampleip.txt', 'entry_points.txt', 'top_level.txt', 'LICENSE.txt', 'AUTHORS.txt', 'LICENSE.txt', 'top_level.txt', 'entry_points.txt', 'top_level.txt', 'entry_points.txt', 'top_level.txt', 'entry_points.txt', 'top_level.txt', 'top_level.txt', 'readme.txt', 'LICENSE.txt', 'LICENSES.txt', 'top_level.txt', 'top_level.txt', 'top_level.txt', 'top_level.txt', 'LICENSE.txt', 'top_level.txt', 'top_level.txt', 'top_level.txt', 'grammar310.txt', 'grammar311.txt', 'grammar312.txt', 'grammar36.txt', 'grammar37.txt', 'grammar38.txt', 'grammar39.txt', 'AUTHORS.txt', 'LICENSE.txt', 'top_level.txt', 'top_level.txt', 'top_level.txt', 'metadata.json', 'top_level.txt', 'entry_points.txt', 'LICENSE.txt', 'top_level.txt', 'AUTHORS.txt', 'LICENSE.txt', 'LICENSE.txt', 'top_level.txt', 'top_level.txt', 'top_level.txt', 'namespace_packages.txt', 'top_level.txt', 'top_level.txt', 'top_level.txt', 'top_level.txt', 'entry_points.txt', 'top_level.txt', 'top_level.txt', 'top_level.txt', 'entry_points.txt', 'top_level.txt', 'top_level.txt', 'LICENSE.txt', 'top_level.txt', 'top_level.txt', 'LICENSE.txt', 'top_level.txt', 'top_level.txt', 'launcher manifest.xml', 'AUTHORS.txt', 'dependency_links.txt', 'entry_points.txt', 'LICENSE.txt', 'top_level.txt', 'top_level.txt', 'top_level.txt', 'container.xml', 'opensearch.xml', 'entry_points.txt', 'top_level.txt', 'namespace_packages.txt', 'top_level.txt', 'namespace_packages.txt', 'top_level.txt', 'namespace_packages.txt', 'top_level.txt', 'namespace_packages.txt', 'top_level.txt', 'namespace_packages.txt', 'top_level.txt', 'namespace_packages.txt', 'top_level.txt', 'entry_points.txt', 'top_level.txt', 'top_level.txt', 'static_foo.txt', 'robots.txt', 'sample.xml', 'top_level.txt', 'top_level.txt', 'top_level.txt', 'LICENSE.txt', 'top_level.txt', 'version.json', 'top_level.txt', 'compiler.json', 'config.json']
2021-12-19 17:53:56.305 | DEBUG    | src.logger:insert_log_to_db:42 - Connected to mysql in localhost
2021-12-19 17:53:56.305 | DEBUG    | src.logger:insert_log_to_db:44 - MySQL server version is: 8.0.27-0ubuntu0.20.04.1
2021-12-19 17:53:56.309 | DEBUG    | src.logger:insert_log_to_db:48 - connected to db: ('mysql',)
2021-12-19 17:53:56.321 | DEBUG    | src.logger:insert_log_to_db:55 - 1 Record inserted successfully into log table
2021-12-19 17:53:56.325 | DEBUG    | src.logger:insert_log_to_db:67 - MySQL connection is closed
2021-12-19 17:54:29.443 | INFO     | src.commands:recursive_search_for_sources:20 - Performed recursive_search_for_sources: ['Sysmon_Exec_CompiledHTML.evtx', 'dummy_file.json', 'NASHUA.pcap', 'SCRANTON.pcap', 'dummy_file.txt', 'dummy_file.xml']
2021-12-19 17:54:29.461 | DEBUG    | src.logger:insert_log_to_db:42 - Connected to mysql in localhost
2021-12-19 17:54:29.461 | DEBUG    | src.logger:insert_log_to_db:44 - MySQL server version is: 8.0.27-0ubuntu0.20.04.1
2021-12-19 17:54:29.463 | DEBUG    | src.logger:insert_log_to_db:48 - connected to db: ('mysql',)
2021-12-19 17:54:29.474 | DEBUG    | src.logger:insert_log_to_db:55 - 1 Record inserted successfully into log table
2021-12-19 17:54:29.476 | DEBUG    | src.logger:insert_log_to_db:67 - MySQL connection is closed
2021-12-19 17:56:18.870 | INFO     | src.commands:recursive_search_for_sources:20 - Performed recursive_search_for_sources: ['Sysmon_Exec_CompiledHTML.evtx', 'dummy_file.json', 'NASHUA.pcap', 'SCRANTON.pcap', 'dummy_file.txt', 'dummy_file.xml']
2021-12-19 17:56:18.894 | DEBUG    | src.logger:insert_log_to_db:42 - Connected to mysql in localhost
2021-12-19 17:56:18.894 | DEBUG    | src.logger:insert_log_to_db:44 - MySQL server version is: 8.0.27-0ubuntu0.20.04.1
2021-12-19 17:56:18.899 | DEBUG    | src.logger:insert_log_to_db:48 - connected to db: ('mysql',)
2021-12-19 17:56:18.909 | DEBUG    | src.logger:insert_log_to_db:55 - 1 Record inserted successfully into log table
2021-12-19 17:56:18.910 | DEBUG    | src.logger:insert_log_to_db:67 - MySQL connection is closed
2021-12-19 17:57:52.422 | INFO     | src.commands:recursive_search_for_sources:20 - Performed recursive_search_for_sources: ['Sysmon_Exec_CompiledHTML.evtx', 'dummy_file.json', 'NASHUA.pcap', 'SCRANTON.pcap', 'dummy_file.txt', 'dummy_file.xml']
2021-12-19 17:57:52.440 | DEBUG    | src.logger:insert_log_to_db:43 - Connected to mysql in localhost
2021-12-19 17:57:52.441 | DEBUG    | src.logger:insert_log_to_db:45 - MySQL server version is: 8.0.27-0ubuntu0.20.04.1
2021-12-19 17:57:52.442 | DEBUG    | src.logger:insert_log_to_db:49 - connected to db: ('mysql',)
2021-12-19 17:57:52.447 | DEBUG    | src.logger:insert_log_to_db:56 - 1 Record inserted successfully into log table
2021-12-19 17:57:52.448 | DEBUG    | src.logger:insert_log_to_db:68 - MySQL connection is closed
2021-12-19 17:58:05.301 | INFO     | src.commands:recursive_search_for_sources:20 - Performed recursive_search_for_sources: ['Sysmon_Exec_CompiledHTML.evtx', 'dummy_file.json', 'NASHUA.pcap', 'SCRANTON.pcap', 'dummy_file.txt', 'dummy_file.xml']
2021-12-19 17:58:05.317 | DEBUG    | src.logger:insert_log_to_db:43 - Connected to mysql in localhost
2021-12-19 17:58:05.317 | DEBUG    | src.logger:insert_log_to_db:45 - MySQL server version is: 8.0.27-0ubuntu0.20.04.1
2021-12-19 17:58:05.318 | DEBUG    | src.logger:insert_log_to_db:49 - connected to db: ('mysql',)
2021-12-19 17:58:05.321 | DEBUG    | src.logger:insert_log_to_db:56 - 1 Record inserted successfully into log table
2021-12-19 17:58:05.322 | DEBUG    | src.logger:insert_log_to_db:68 - MySQL connection is closed
